Logfile created on 03-16-2013 at 20:48:26
Using FK client 0.0.0

03-16-2013 | 20:48:27 | SDL initialised
03-16-2013 | 20:48:27 | OpenGL initialised
03-16-2013 | 20:48:27 | Scene resized
03-16-2013 | 20:48:27 | error
03-16-2013 | 20:48:27 | error
03-16-2013 | 20:48:27 | error
03-16-2013 | 20:48:27 | error
03-16-2013 | 20:48:27 | error
03-16-2013 | 20:48:27 | error
03-16-2013 | 20:48:27 | error
03-16-2013 | 20:48:27 | error
03-16-2013 | 20:48:27 | error
03-16-2013 | 20:48:27 | error
03-16-2013 | 20:48:27 | error
03-16-2013 | 20:48:27 | error
03-16-2013 | 20:48:27 | error
03-16-2013 | 20:48:27 | error
03-16-2013 | 20:48:27 | error
03-16-2013 | 20:48:27 | error
03-16-2013 | 20:48:27 | error
03-16-2013 | 20:48:27 | error
03-16-2013 | 20:48:27 | error
03-16-2013 | 20:48:27 | error
03-16-2013 | 20:48:27 | error
03-16-2013 | 20:48:27 | error
03-16-2013 | 20:48:27 | error
03-16-2013 | 20:48:27 | error
03-16-2013 | 20:48:27 | error
03-16-2013 | 20:48:27 | error
03-16-2013 | 20:48:27 | error
03-16-2013 | 20:48:27 | error
03-16-2013 | 20:48:27 | error
03-16-2013 | 20:48:27 | error
03-16-2013 | 20:48:27 | error
03-16-2013 | 20:48:27 | error
03-16-2013 | 20:48:27 | error
03-16-2013 | 20:48:27 | error
03-16-2013 | 20:48:28 | error
03-16-2013 | 20:48:28 | error
03-16-2013 | 20:48:28 | error
03-16-2013 | 20:48:28 | error
03-16-2013 | 20:48:28 | error
03-16-2013 | 20:48:28 | error
03-16-2013 | 20:48:28 | error
03-16-2013 | 20:48:28 | error
03-16-2013 | 20:48:28 | error
03-16-2013 | 20:48:28 | error
03-16-2013 | 20:48:28 | error
03-16-2013 | 20:48:28 | error
03-16-2013 | 20:48:28 | error
03-16-2013 | 20:48:28 | error
03-16-2013 | 20:48:28 | error
03-16-2013 | 20:48:28 | error
03-16-2013 | 20:48:28 | error
03-16-2013 | 20:48:28 | error
03-16-2013 | 20:48:28 | error
03-16-2013 | 20:48:28 | error
03-16-2013 | 20:48:28 | error
03-16-2013 | 20:48:28 | error
03-16-2013 | 20:48:28 | error
03-16-2013 | 20:48:28 | error
03-16-2013 | 20:48:28 | error
03-16-2013 | 20:48:28 | error
03-16-2013 | 20:48:28 | error
03-16-2013 | 20:48:28 | error
03-16-2013 | 20:48:28 | error
03-16-2013 | 20:48:28 | error
03-16-2013 | 20:48:28 | error
03-16-2013 | 20:48:28 | error
03-16-2013 | 20:48:28 | error
03-16-2013 | 20:48:28 | error
03-16-2013 | 20:48:28 | error
03-16-2013 | 20:48:28 | error
03-16-2013 | 20:48:28 | error
03-16-2013 | 20:48:28 | error
03-16-2013 | 20:48:28 | error
03-16-2013 | 20:48:28 | error
03-16-2013 | 20:48:28 | error
03-16-2013 | 20:48:28 | error
03-16-2013 | 20:48:28 | error
03-16-2013 | 20:48:28 | error
03-16-2013 | 20:48:28 | error
03-16-2013 | 20:48:28 | error
03-16-2013 | 20:48:28 | error
03-16-2013 | 20:48:28 | error
03-16-2013 | 20:48:28 | error
03-16-2013 | 20:48:28 | error
03-16-2013 | 20:48:28 | error
03-16-2013 | 20:48:29 | error
03-16-2013 | 20:48:29 | error
03-16-2013 | 20:48:29 | error
03-16-2013 | 20:48:29 | error
03-16-2013 | 20:48:29 | error
03-16-2013 | 20:48:29 | error
03-16-2013 | 20:48:29 | error
03-16-2013 | 20:48:29 | error
03-16-2013 | 20:48:29 | error
03-16-2013 | 20:48:29 | error
03-16-2013 | 20:48:29 | error
03-16-2013 | 20:48:29 | error
03-16-2013 | 20:48:29 | error
03-16-2013 | 20:48:29 | error
03-16-2013 | 20:48:29 | error
03-16-2013 | 20:48:29 | error
03-16-2013 | 20:48:29 | error
03-16-2013 | 20:48:29 | error
03-16-2013 | 20:48:29 | error
03-16-2013 | 20:48:29 | error
03-16-2013 | 20:48:29 | error
03-16-2013 | 20:48:29 | error
03-16-2013 | 20:48:29 | error
03-16-2013 | 20:48:29 | error
03-16-2013 | 20:48:29 | error
03-16-2013 | 20:48:29 | error
03-16-2013 | 20:48:29 | Game ended
